  P02_318073538.cpp
D:\CGEIH\LABORATORIO\P1\P2\P2\Window.h(12,36): warning C4244: 'return': conversión de 'GLint' a 'GLfloat'; posible pérdida de datos
  (compilando archivo de origen "P02_318073538.cpp")
  
D:\CGEIH\LABORATORIO\P1\P2\P2\Window.h(13,37): warning C4244: 'return': conversión de 'GLint' a 'GLfloat'; posible pérdida de datos
  (compilando archivo de origen "P02_318073538.cpp")
  
D:\CGEIH\LABORATORIO\P1\P2\P2\P02_318073538.cpp(18,36): warning C4305: 'inicializando': truncamiento de 'double' a 'float'
D:\CGEIH\LABORATORIO\P1\P2\P2\P02_318073538.cpp(119,5): warning C4305: 'inicializando': truncamiento de 'double' a 'GLfloat'
D:\CGEIH\LABORATORIO\P1\P2\P2\P02_318073538.cpp(120,10): warning C4305: 'inicializando': truncamiento de 'double' a 'GLfloat'
D:\CGEIH\LABORATORIO\P1\P2\P2\P02_318073538.cpp(121,5): warning C4305: 'inicializando': truncamiento de 'double' a 'GLfloat'
D:\CGEIH\LABORATORIO\P1\P2\P2\P02_318073538.cpp(122,11): warning C4305: 'inicializando': truncamiento de 'double' a 'GLfloat'
D:\CGEIH\LABORATORIO\P1\P2\P2\P02_318073538.cpp(123,5): warning C4305: 'inicializando': truncamiento de 'double' a 'GLfloat'
D:\CGEIH\LABORATORIO\P1\P2\P2\P02_318073538.cpp(123,11): warning C4305: 'inicializando': truncamiento de 'double' a 'GLfloat'
D:\CGEIH\LABORATORIO\P1\P2\P2\P02_318073538.cpp(124,11): warning C4305: 'inicializando': truncamiento de 'double' a 'GLfloat'
D:\CGEIH\LABORATORIO\P1\P2\P2\P02_318073538.cpp(125,11): warning C4305: 'inicializando': truncamiento de 'double' a 'GLfloat'
D:\CGEIH\LABORATORIO\P1\P2\P2\P02_318073538.cpp(126,5): warning C4305: 'inicializando': truncamiento de 'double' a 'GLfloat'
D:\CGEIH\LABORATORIO\P1\P2\P2\P02_318073538.cpp(126,11): warning C4305: 'inicializando': truncamiento de 'double' a 'GLfloat'
D:\CGEIH\LABORATORIO\P1\P2\P2\P02_318073538.cpp(127,5): warning C4305: 'inicializando': truncamiento de 'double' a 'GLfloat'
D:\CGEIH\LABORATORIO\P1\P2\P2\P02_318073538.cpp(127,11): warning C4305: 'inicializando': truncamiento de 'double' a 'GLfloat'
D:\CGEIH\LABORATORIO\P1\P2\P2\P02_318073538.cpp(128,5): warning C4305: 'inicializando': truncamiento de 'double' a 'GLfloat'
D:\CGEIH\LABORATORIO\P1\P2\P2\P02_318073538.cpp(128,11): warning C4305: 'inicializando': truncamiento de 'double' a 'GLfloat'
D:\CGEIH\LABORATORIO\P1\P2\P2\P02_318073538.cpp(129,11): warning C4305: 'inicializando': truncamiento de 'double' a 'GLfloat'
D:\CGEIH\LABORATORIO\P1\P2\P2\P02_318073538.cpp(130,11): warning C4305: 'inicializando': truncamiento de 'double' a 'GLfloat'
D:\CGEIH\LABORATORIO\P1\P2\P2\P02_318073538.cpp(131,5): warning C4305: 'inicializando': truncamiento de 'double' a 'GLfloat'
D:\CGEIH\LABORATORIO\P1\P2\P2\P02_318073538.cpp(131,11): warning C4305: 'inicializando': truncamiento de 'double' a 'GLfloat'
D:\CGEIH\LABORATORIO\P1\P2\P2\P02_318073538.cpp(132,11): warning C4305: 'inicializando': truncamiento de 'double' a 'GLfloat'
D:\CGEIH\LABORATORIO\P1\P2\P2\P02_318073538.cpp(133,5): warning C4305: 'inicializando': truncamiento de 'double' a 'GLfloat'
D:\CGEIH\LABORATORIO\P1\P2\P2\P02_318073538.cpp(133,11): warning C4305: 'inicializando': truncamiento de 'double' a 'GLfloat'
D:\CGEIH\LABORATORIO\P1\P2\P2\P02_318073538.cpp(134,11): warning C4305: 'inicializando': truncamiento de 'double' a 'GLfloat'
D:\CGEIH\LABORATORIO\P1\P2\P2\P02_318073538.cpp(135,5): warning C4305: 'inicializando': truncamiento de 'double' a 'GLfloat'
D:\CGEIH\LABORATORIO\P1\P2\P2\P02_318073538.cpp(135,11): warning C4305: 'inicializando': truncamiento de 'double' a 'GLfloat'
D:\CGEIH\LABORATORIO\P1\P2\P2\P02_318073538.cpp(136,11): warning C4305: 'inicializando': truncamiento de 'double' a 'GLfloat'
D:\CGEIH\LABORATORIO\P1\P2\P2\P02_318073538.cpp(137,11): warning C4305: 'inicializando': truncamiento de 'double' a 'GLfloat'
D:\CGEIH\LABORATORIO\P1\P2\P2\P02_318073538.cpp(138,5): warning C4305: 'inicializando': truncamiento de 'double' a 'GLfloat'
D:\CGEIH\LABORATORIO\P1\P2\P2\P02_318073538.cpp(138,11): warning C4305: 'inicializando': truncamiento de 'double' a 'GLfloat'
D:\CGEIH\LABORATORIO\P1\P2\P2\P02_318073538.cpp(139,5): warning C4305: 'inicializando': truncamiento de 'double' a 'GLfloat'
D:\CGEIH\LABORATORIO\P1\P2\P2\P02_318073538.cpp(139,11): warning C4305: 'inicializando': truncamiento de 'double' a 'GLfloat'
D:\CGEIH\LABORATORIO\P1\P2\P2\P02_318073538.cpp(140,5): warning C4305: 'inicializando': truncamiento de 'double' a 'GLfloat'
D:\CGEIH\LABORATORIO\P1\P2\P2\P02_318073538.cpp(140,11): warning C4305: 'inicializando': truncamiento de 'double' a 'GLfloat'
D:\CGEIH\LABORATORIO\P1\P2\P2\P02_318073538.cpp(141,11): warning C4305: 'inicializando': truncamiento de 'double' a 'GLfloat'
D:\CGEIH\LABORATORIO\P1\P2\P2\P02_318073538.cpp(142,5): warning C4305: 'inicializando': truncamiento de 'double' a 'GLfloat'
D:\CGEIH\LABORATORIO\P1\P2\P2\P02_318073538.cpp(142,11): warning C4305: 'inicializando': truncamiento de 'double' a 'GLfloat'
D:\CGEIH\LABORATORIO\P1\P2\P2\P02_318073538.cpp(143,5): warning C4305: 'inicializando': truncamiento de 'double' a 'GLfloat'
D:\CGEIH\LABORATORIO\P1\P2\P2\P02_318073538.cpp(143,11): warning C4305: 'inicializando': truncamiento de 'double' a 'GLfloat'
D:\CGEIH\LABORATORIO\P1\P2\P2\P02_318073538.cpp(144,5): warning C4305: 'inicializando': truncamiento de 'double' a 'GLfloat'
D:\CGEIH\LABORATORIO\P1\P2\P2\P02_318073538.cpp(144,11): warning C4305: 'inicializando': truncamiento de 'double' a 'GLfloat'
D:\CGEIH\LABORATORIO\P1\P2\P2\P02_318073538.cpp(145,5): warning C4305: 'inicializando': truncamiento de 'double' a 'GLfloat'
D:\CGEIH\LABORATORIO\P1\P2\P2\P02_318073538.cpp(145,11): warning C4305: 'inicializando': truncamiento de 'double' a 'GLfloat'
D:\CGEIH\LABORATORIO\P1\P2\P2\P02_318073538.cpp(146,5): warning C4305: 'inicializando': truncamiento de 'double' a 'GLfloat'
D:\CGEIH\LABORATORIO\P1\P2\P2\P02_318073538.cpp(146,11): warning C4305: 'inicializando': truncamiento de 'double' a 'GLfloat'
D:\CGEIH\LABORATORIO\P1\P2\P2\P02_318073538.cpp(147,5): warning C4305: 'inicializando': truncamiento de 'double' a 'GLfloat'
D:\CGEIH\LABORATORIO\P1\P2\P2\P02_318073538.cpp(147,11): warning C4305: 'inicializando': truncamiento de 'double' a 'GLfloat'
D:\CGEIH\LABORATORIO\P1\P2\P2\P02_318073538.cpp(151,5): warning C4305: 'inicializando': truncamiento de 'double' a 'GLfloat'
D:\CGEIH\LABORATORIO\P1\P2\P2\P02_318073538.cpp(152,4): warning C4305: 'inicializando': truncamiento de 'double' a 'GLfloat'
D:\CGEIH\LABORATORIO\P1\P2\P2\P02_318073538.cpp(153,5): warning C4305: 'inicializando': truncamiento de 'double' a 'GLfloat'
D:\CGEIH\LABORATORIO\P1\P2\P2\P02_318073538.cpp(153,11): warning C4305: 'inicializando': truncamiento de 'double' a 'GLfloat'
D:\CGEIH\LABORATORIO\P1\P2\P2\P02_318073538.cpp(154,4): warning C4305: 'inicializando': truncamiento de 'double' a 'GLfloat'
D:\CGEIH\LABORATORIO\P1\P2\P2\P02_318073538.cpp(155,4): warning C4305: 'inicializando': truncamiento de 'double' a 'GLfloat'
D:\CGEIH\LABORATORIO\P1\P2\P2\P02_318073538.cpp(155,10): warning C4305: 'inicializando': truncamiento de 'double' a 'GLfloat'
D:\CGEIH\LABORATORIO\P1\P2\P2\P02_318073538.cpp(156,5): warning C4305: 'inicializando': truncamiento de 'double' a 'GLfloat'
D:\CGEIH\LABORATORIO\P1\P2\P2\P02_318073538.cpp(156,11): warning C4305: 'inicializando': truncamiento de 'double' a 'GLfloat'
D:\CGEIH\LABORATORIO\P1\P2\P2\P02_318073538.cpp(157,5): warning C4305: 'inicializando': truncamiento de 'double' a 'GLfloat'
D:\CGEIH\LABORATORIO\P1\P2\P2\P02_318073538.cpp(157,12): warning C4305: 'inicializando': truncamiento de 'double' a 'GLfloat'
D:\CGEIH\LABORATORIO\P1\P2\P2\P02_318073538.cpp(158,5): warning C4305: 'inicializando': truncamiento de 'double' a 'GLfloat'
D:\CGEIH\LABORATORIO\P1\P2\P2\P02_318073538.cpp(158,10): warning C4305: 'inicializando': truncamiento de 'double' a 'GLfloat'
D:\CGEIH\LABORATORIO\P1\P2\P2\P02_318073538.cpp(159,5): warning C4305: 'inicializando': truncamiento de 'double' a 'GLfloat'
D:\CGEIH\LABORATORIO\P1\P2\P2\P02_318073538.cpp(159,11): warning C4305: 'inicializando': truncamiento de 'double' a 'GLfloat'
D:\CGEIH\LABORATORIO\P1\P2\P2\P02_318073538.cpp(160,5): warning C4305: 'inicializando': truncamiento de 'double' a 'GLfloat'
D:\CGEIH\LABORATORIO\P1\P2\P2\P02_318073538.cpp(160,12): warning C4305: 'inicializando': truncamiento de 'double' a 'GLfloat'
D:\CGEIH\LABORATORIO\P1\P2\P2\P02_318073538.cpp(161,5): warning C4305: 'inicializando': truncamiento de 'double' a 'GLfloat'
D:\CGEIH\LABORATORIO\P1\P2\P2\P02_318073538.cpp(161,12): warning C4305: 'inicializando': truncamiento de 'double' a 'GLfloat'
D:\CGEIH\LABORATORIO\P1\P2\P2\P02_318073538.cpp(162,5): warning C4305: 'inicializando': truncamiento de 'double' a 'GLfloat'
D:\CGEIH\LABORATORIO\P1\P2\P2\P02_318073538.cpp(162,11): warning C4305: 'inicializando': truncamiento de 'double' a 'GLfloat'
D:\CGEIH\LABORATORIO\P1\P2\P2\P02_318073538.cpp(163,5): warning C4305: 'inicializando': truncamiento de 'double' a 'GLfloat'
D:\CGEIH\LABORATORIO\P1\P2\P2\P02_318073538.cpp(163,12): warning C4305: 'inicializando': truncamiento de 'double' a 'GLfloat'
D:\CGEIH\LABORATORIO\P1\P2\P2\P02_318073538.cpp(164,5): warning C4305: 'inicializando': truncamiento de 'double' a 'GLfloat'
D:\CGEIH\LABORATORIO\P1\P2\P2\P02_318073538.cpp(164,12): warning C4305: 'inicializando': truncamiento de 'double' a 'GLfloat'
D:\CGEIH\LABORATORIO\P1\P2\P2\P02_318073538.cpp(165,4): warning C4305: 'inicializando': truncamiento de 'double' a 'GLfloat'
D:\CGEIH\LABORATORIO\P1\P2\P2\P02_318073538.cpp(165,10): warning C4305: 'inicializando': truncamiento de 'double' a 'GLfloat'
D:\CGEIH\LABORATORIO\P1\P2\P2\P02_318073538.cpp(166,5): warning C4305: 'inicializando': truncamiento de 'double' a 'GLfloat'
D:\CGEIH\LABORATORIO\P1\P2\P2\P02_318073538.cpp(166,12): warning C4305: 'inicializando': truncamiento de 'double' a 'GLfloat'
D:\CGEIH\LABORATORIO\P1\P2\P2\P02_318073538.cpp(167,4): warning C4305: 'inicializando': truncamiento de 'double' a 'GLfloat'
D:\CGEIH\LABORATORIO\P1\P2\P2\P02_318073538.cpp(167,10): warning C4305: 'inicializando': truncamiento de 'double' a 'GLfloat'
D:\CGEIH\LABORATORIO\P1\P2\P2\P02_318073538.cpp(168,4): warning C4305: 'inicializando': truncamiento de 'double' a 'GLfloat'
D:\CGEIH\LABORATORIO\P1\P2\P2\P02_318073538.cpp(168,10): warning C4305: 'inicializando': truncamiento de 'double' a 'GLfloat'
D:\CGEIH\LABORATORIO\P1\P2\P2\P02_318073538.cpp(169,8): warning C4305: 'inicializando': truncamiento de 'double' a 'GLfloat'
D:\CGEIH\LABORATORIO\P1\P2\P2\P02_318073538.cpp(170,4): warning C4305: 'inicializando': truncamiento de 'double' a 'GLfloat'
D:\CGEIH\LABORATORIO\P1\P2\P2\P02_318073538.cpp(170,10): warning C4305: 'inicializando': truncamiento de 'double' a 'GLfloat'
D:\CGEIH\LABORATORIO\P1\P2\P2\P02_318073538.cpp(171,9): warning C4305: 'inicializando': truncamiento de 'double' a 'GLfloat'
D:\CGEIH\LABORATORIO\P1\P2\P2\P02_318073538.cpp(172,9): warning C4305: 'inicializando': truncamiento de 'double' a 'GLfloat'
D:\CGEIH\LABORATORIO\P1\P2\P2\P02_318073538.cpp(173,4): warning C4305: 'inicializando': truncamiento de 'double' a 'GLfloat'
D:\CGEIH\LABORATORIO\P1\P2\P2\P02_318073538.cpp(173,10): warning C4305: 'inicializando': truncamiento de 'double' a 'GLfloat'
D:\CGEIH\LABORATORIO\P1\P2\P2\P02_318073538.cpp(174,4): warning C4305: 'inicializando': truncamiento de 'double' a 'GLfloat'
D:\CGEIH\LABORATORIO\P1\P2\P2\P02_318073538.cpp(174,10): warning C4305: 'inicializando': truncamiento de 'double' a 'GLfloat'
D:\CGEIH\LABORATORIO\P1\P2\P2\P02_318073538.cpp(175,4): warning C4305: 'inicializando': truncamiento de 'double' a 'GLfloat'
D:\CGEIH\LABORATORIO\P1\P2\P2\P02_318073538.cpp(175,10): warning C4305: 'inicializando': truncamiento de 'double' a 'GLfloat'
D:\CGEIH\LABORATORIO\P1\P2\P2\P02_318073538.cpp(176,4): warning C4305: 'inicializando': truncamiento de 'double' a 'GLfloat'
D:\CGEIH\LABORATORIO\P1\P2\P2\P02_318073538.cpp(176,10): warning C4305: 'inicializando': truncamiento de 'double' a 'GLfloat'
D:\CGEIH\LABORATORIO\P1\P2\P2\P02_318073538.cpp(177,4): warning C4305: 'inicializando': truncamiento de 'double' a 'GLfloat'
D:\CGEIH\LABORATORIO\P1\P2\P2\P02_318073538.cpp(177,10): warning C4305: 'inicializando': truncamiento de 'double' a 'GLfloat'
D:\CGEIH\LABORATORIO\P1\P2\P2\P02_318073538.cpp(178,4): warning C4305: 'inicializando': truncamiento de 'double' a 'GLfloat'
D:\CGEIH\LABORATORIO\P1\P2\P2\P02_318073538.cpp(178,10): warning C4305: 'inicializando': truncamiento de 'double' a 'GLfloat'
D:\CGEIH\LABORATORIO\P1\P2\P2\P02_318073538.cpp(179,4): warning C4305: 'inicializando': truncamiento de 'double' a 'GLfloat'
D:\CGEIH\LABORATORIO\P1\P2\P2\P02_318073538.cpp(179,10): warning C4305: 'inicializando': truncamiento de 'double' a 'GLfloat'
D:\CGEIH\LABORATORIO\P1\P2\P2\P02_318073538.cpp(180,4): warning C4305: 'inicializando': truncamiento de 'double' a 'GLfloat'
D:\CGEIH\LABORATORIO\P1\P2\P2\P02_318073538.cpp(180,10): warning C4305: 'inicializando': truncamiento de 'double' a 'GLfloat'
D:\CGEIH\LABORATORIO\P1\P2\P2\P02_318073538.cpp(183,4): warning C4305: 'inicializando': truncamiento de 'double' a 'GLfloat'
D:\CGEIH\LABORATORIO\P1\P2\P2\P02_318073538.cpp(184,10): warning C4305: 'inicializando': truncamiento de 'double' a 'GLfloat'
D:\CGEIH\LABORATORIO\P1\P2\P2\P02_318073538.cpp(186,4): warning C4305: 'inicializando': truncamiento de 'double' a 'GLfloat'
D:\CGEIH\LABORATORIO\P1\P2\P2\P02_318073538.cpp(186,10): warning C4305: 'inicializando': truncamiento de 'double' a 'GLfloat'
D:\CGEIH\LABORATORIO\P1\P2\P2\P02_318073538.cpp(187,4): warning C4305: 'inicializando': truncamiento de 'double' a 'GLfloat'
D:\CGEIH\LABORATORIO\P1\P2\P2\P02_318073538.cpp(188,10): warning C4305: 'inicializando': truncamiento de 'double' a 'GLfloat'
D:\CGEIH\LABORATORIO\P1\P2\P2\P02_318073538.cpp(189,4): warning C4305: 'inicializando': truncamiento de 'double' a 'GLfloat'
D:\CGEIH\LABORATORIO\P1\P2\P2\P02_318073538.cpp(189,10): warning C4305: 'inicializando': truncamiento de 'double' a 'GLfloat'
D:\CGEIH\LABORATORIO\P1\P2\P2\P02_318073538.cpp(190,10): warning C4305: 'inicializando': truncamiento de 'double' a 'GLfloat'
D:\CGEIH\LABORATORIO\P1\P2\P2\P02_318073538.cpp(191,4): warning C4305: 'inicializando': truncamiento de 'double' a 'GLfloat'
D:\CGEIH\LABORATORIO\P1\P2\P2\P02_318073538.cpp(191,10): warning C4305: 'inicializando': truncamiento de 'double' a 'GLfloat'
D:\CGEIH\LABORATORIO\P1\P2\P2\P02_318073538.cpp(192,4): warning C4305: 'inicializando': truncamiento de 'double' a 'GLfloat'
D:\CGEIH\LABORATORIO\P1\P2\P2\P02_318073538.cpp(192,10): warning C4305: 'inicializando': truncamiento de 'double' a 'GLfloat'
D:\CGEIH\LABORATORIO\P1\P2\P2\P02_318073538.cpp(193,10): warning C4305: 'inicializando': truncamiento de 'double' a 'GLfloat'
D:\CGEIH\LABORATORIO\P1\P2\P2\P02_318073538.cpp(194,10): warning C4305: 'inicializando': truncamiento de 'double' a 'GLfloat'
D:\CGEIH\LABORATORIO\P1\P2\P2\P02_318073538.cpp(195,4): warning C4305: 'inicializando': truncamiento de 'double' a 'GLfloat'
D:\CGEIH\LABORATORIO\P1\P2\P2\P02_318073538.cpp(195,10): warning C4305: 'inicializando': truncamiento de 'double' a 'GLfloat'
D:\CGEIH\LABORATORIO\P1\P2\P2\P02_318073538.cpp(196,4): warning C4305: 'inicializando': truncamiento de 'double' a 'GLfloat'
D:\CGEIH\LABORATORIO\P1\P2\P2\P02_318073538.cpp(196,10): warning C4305: 'inicializando': truncamiento de 'double' a 'GLfloat'
D:\CGEIH\LABORATORIO\P1\P2\P2\P02_318073538.cpp(197,4): warning C4305: 'inicializando': truncamiento de 'double' a 'GLfloat'
D:\CGEIH\LABORATORIO\P1\P2\P2\P02_318073538.cpp(197,10): warning C4305: 'inicializando': truncamiento de 'double' a 'GLfloat'
D:\CGEIH\LABORATORIO\P1\P2\P2\P02_318073538.cpp(198,4): warning C4305: 'inicializando': truncamiento de 'double' a 'GLfloat'
D:\CGEIH\LABORATORIO\P1\P2\P2\P02_318073538.cpp(198,10): warning C4305: 'inicializando': truncamiento de 'double' a 'GLfloat'
D:\CGEIH\LABORATORIO\P1\P2\P2\P02_318073538.cpp(199,4): warning C4305: 'inicializando': truncamiento de 'double' a 'GLfloat'
D:\CGEIH\LABORATORIO\P1\P2\P2\P02_318073538.cpp(199,10): warning C4305: 'inicializando': truncamiento de 'double' a 'GLfloat'
D:\CGEIH\LABORATORIO\P1\P2\P2\P02_318073538.cpp(200,4): warning C4305: 'inicializando': truncamiento de 'double' a 'GLfloat'
D:\CGEIH\LABORATORIO\P1\P2\P2\P02_318073538.cpp(200,10): warning C4305: 'inicializando': truncamiento de 'double' a 'GLfloat'
D:\CGEIH\LABORATORIO\P1\P2\P2\P02_318073538.cpp(201,4): warning C4305: 'inicializando': truncamiento de 'double' a 'GLfloat'
D:\CGEIH\LABORATORIO\P1\P2\P2\P02_318073538.cpp(201,10): warning C4305: 'inicializando': truncamiento de 'double' a 'GLfloat'
D:\CGEIH\LABORATORIO\P1\P2\P2\P02_318073538.cpp(202,4): warning C4305: 'inicializando': truncamiento de 'double' a 'GLfloat'
D:\CGEIH\LABORATORIO\P1\P2\P2\P02_318073538.cpp(202,10): warning C4305: 'inicializando': truncamiento de 'double' a 'GLfloat'
D:\CGEIH\LABORATORIO\P1\P2\P2\P02_318073538.cpp(203,4): warning C4305: 'inicializando': truncamiento de 'double' a 'GLfloat'
D:\CGEIH\LABORATORIO\P1\P2\P2\P02_318073538.cpp(203,10): warning C4305: 'inicializando': truncamiento de 'double' a 'GLfloat'
D:\CGEIH\LABORATORIO\P1\P2\P2\P02_318073538.cpp(204,4): warning C4305: 'inicializando': truncamiento de 'double' a 'GLfloat'
D:\CGEIH\LABORATORIO\P1\P2\P2\P02_318073538.cpp(204,10): warning C4305: 'inicializando': truncamiento de 'double' a 'GLfloat'
D:\CGEIH\LABORATORIO\P1\P2\P2\P02_318073538.cpp(205,4): warning C4305: 'inicializando': truncamiento de 'double' a 'GLfloat'
D:\CGEIH\LABORATORIO\P1\P2\P2\P02_318073538.cpp(205,10): warning C4305: 'inicializando': truncamiento de 'double' a 'GLfloat'
D:\CGEIH\LABORATORIO\P1\P2\P2\P02_318073538.cpp(206,4): warning C4305: 'inicializando': truncamiento de 'double' a 'GLfloat'
D:\CGEIH\LABORATORIO\P1\P2\P2\P02_318073538.cpp(206,10): warning C4305: 'inicializando': truncamiento de 'double' a 'GLfloat'
LINK : warning LNK4098: la biblioteca predeterminada'MSVCRT' entra en conflicto con otras bibliotecas; use la biblioteca /NODEFAULTLIB:biblioteca
  P2.vcxproj -> D:\CGEIH\LABORATORIO\P1\P2\Debug\P2.exe
