  E04_318073538.cpp
D:\CGEIH\LABORATORIO\P4\P04\P04\Window.h(12,36): warning C4244: 'return': conversión de 'GLint' a 'GLfloat'; posible pérdida de datos
  (compilando archivo de origen "E04_318073538.cpp")
  
D:\CGEIH\LABORATORIO\P4\P04\P04\Window.h(13,37): warning C4244: 'return': conversión de 'GLint' a 'GLfloat'; posible pérdida de datos
  (compilando archivo de origen "E04_318073538.cpp")
  
D:\CGEIH\LABORATORIO\P4\P04\P04\E04_318073538.cpp(28,36): warning C4305: 'inicializando': truncamiento de 'double' a 'float'
D:\CGEIH\LABORATORIO\P4\P04\P04\E04_318073538.cpp(191,16): warning C4018: '<': no coinciden signed/unsigned
D:\CGEIH\LABORATORIO\P4\P04\P04\E04_318073538.cpp(233,32): warning C4244: 'argumento': conversión de 'double' a '_Ty'; posible pérdida de datos
D:\CGEIH\LABORATORIO\P4\P04\P04\E04_318073538.cpp(233,32): warning C4244:         with
D:\CGEIH\LABORATORIO\P4\P04\P04\E04_318073538.cpp(233,32): warning C4244:         [
D:\CGEIH\LABORATORIO\P4\P04\P04\E04_318073538.cpp(233,32): warning C4244:             _Ty=GLfloat
D:\CGEIH\LABORATORIO\P4\P04\P04\E04_318073538.cpp(233,32): warning C4244:         ]
D:\CGEIH\LABORATORIO\P4\P04\P04\E04_318073538.cpp(235,32): warning C4244: 'argumento': conversión de 'double' a '_Ty'; posible pérdida de datos
D:\CGEIH\LABORATORIO\P4\P04\P04\E04_318073538.cpp(235,32): warning C4244:         with
D:\CGEIH\LABORATORIO\P4\P04\P04\E04_318073538.cpp(235,32): warning C4244:         [
D:\CGEIH\LABORATORIO\P4\P04\P04\E04_318073538.cpp(235,32): warning C4244:             _Ty=GLfloat
D:\CGEIH\LABORATORIO\P4\P04\P04\E04_318073538.cpp(235,32): warning C4244:         ]
D:\CGEIH\LABORATORIO\P4\P04\P04\E04_318073538.cpp(326,15): warning C4244: 'inicializando': conversión de 'double' a 'GLfloat'; posible pérdida de datos
D:\CGEIH\LABORATORIO\P4\P04\P04\E04_318073538.cpp(328,33): warning C4244: '+=': conversión de 'double' a 'GLfloat'; posible pérdida de datos
LINK : warning LNK4098: la biblioteca predeterminada'MSVCRT' entra en conflicto con otras bibliotecas; use la biblioteca /NODEFAULTLIB:biblioteca
  P04.vcxproj -> D:\CGEIH\LABORATORIO\P4\P04\Debug\P04.exe
