  P03_318073538.cpp
D:\CGEIH\LABORATORIO\P3\practica 3 Modelado Geométrico\P03_318073538\P03_318073538\Window.h(12,36): warning C4244: 'return': conversión de 'GLint' a 'GLfloat'; posible pérdida de datos
  (compilando archivo de origen "P03_318073538.cpp")
  
D:\CGEIH\LABORATORIO\P3\practica 3 Modelado Geométrico\P03_318073538\P03_318073538\Window.h(13,37): warning C4244: 'return': conversión de 'GLint' a 'GLfloat'; posible pérdida de datos
  (compilando archivo de origen "P03_318073538.cpp")
  
D:\CGEIH\LABORATORIO\P3\practica 3 Modelado Geométrico\P03_318073538\P03_318073538\P03_318073538.cpp(27,36): warning C4305: 'inicializando': truncamiento de 'double' a 'float'
D:\CGEIH\LABORATORIO\P3\practica 3 Modelado Geométrico\P03_318073538\P03_318073538\P03_318073538.cpp(194,16): warning C4018: '<': no coinciden signed/unsigned
D:\CGEIH\LABORATORIO\P3\practica 3 Modelado Geométrico\P03_318073538\P03_318073538\P03_318073538.cpp(236,32): warning C4244: 'argumento': conversión de 'double' a '_Ty'; posible pérdida de datos
D:\CGEIH\LABORATORIO\P3\practica 3 Modelado Geométrico\P03_318073538\P03_318073538\P03_318073538.cpp(236,32): warning C4244:         with
D:\CGEIH\LABORATORIO\P3\practica 3 Modelado Geométrico\P03_318073538\P03_318073538\P03_318073538.cpp(236,32): warning C4244:         [
D:\CGEIH\LABORATORIO\P3\practica 3 Modelado Geométrico\P03_318073538\P03_318073538\P03_318073538.cpp(236,32): warning C4244:             _Ty=GLfloat
D:\CGEIH\LABORATORIO\P3\practica 3 Modelado Geométrico\P03_318073538\P03_318073538\P03_318073538.cpp(236,32): warning C4244:         ]
D:\CGEIH\LABORATORIO\P3\practica 3 Modelado Geométrico\P03_318073538\P03_318073538\P03_318073538.cpp(238,32): warning C4244: 'argumento': conversión de 'double' a '_Ty'; posible pérdida de datos
D:\CGEIH\LABORATORIO\P3\practica 3 Modelado Geométrico\P03_318073538\P03_318073538\P03_318073538.cpp(238,32): warning C4244:         with
D:\CGEIH\LABORATORIO\P3\practica 3 Modelado Geométrico\P03_318073538\P03_318073538\P03_318073538.cpp(238,32): warning C4244:         [
D:\CGEIH\LABORATORIO\P3\practica 3 Modelado Geométrico\P03_318073538\P03_318073538\P03_318073538.cpp(238,32): warning C4244:             _Ty=GLfloat
D:\CGEIH\LABORATORIO\P3\practica 3 Modelado Geométrico\P03_318073538\P03_318073538\P03_318073538.cpp(238,32): warning C4244:         ]
D:\CGEIH\LABORATORIO\P3\practica 3 Modelado Geométrico\P03_318073538\P03_318073538\P03_318073538.cpp(334,15): warning C4244: 'inicializando': conversión de 'double' a 'GLfloat'; posible pérdida de datos
D:\CGEIH\LABORATORIO\P3\practica 3 Modelado Geométrico\P03_318073538\P03_318073538\P03_318073538.cpp(336,33): warning C4244: '+=': conversión de 'double' a 'GLfloat'; posible pérdida de datos
LINK : warning LNK4098: la biblioteca predeterminada'MSVCRT' entra en conflicto con otras bibliotecas; use la biblioteca /NODEFAULTLIB:biblioteca
  P03_318073538.vcxproj -> D:\CGEIH\LABORATORIO\P3\practica 3 Modelado Geométrico\P03_318073538\Debug\P03_318073538.exe
